dash-static
coreutils
glibc
lib64gcc1
lib64gmp10
lib64stdc++6
lib64gmpxx4
lib64ppl9
lib64pwl5
lib64uuid1
lib64ppl_c4
lib64termcap2
bash
lib64blkid1
lib64cloog1
lib64ext2fs2
e2fsprogs
lib64bzip2_1
lib64lzma5
uClibc
zlib1
lib64devmapper1.02
perl-base
kpartx
update-alternatives
nash
perl
lib64pcre0
info-install
lib64attr1
grep
tar
xz
kmod
lib64audit1
lib64acl1
lib64cap2
lib64crack2
lib64magic1
lib64pam0
coreutils
lib64ncurses5
lib64pam_userpass1
gzip
file
run-parts
ncurses
lib64ncursesw5
less
lib64glib2.0_0
popt-data
lib64expat1
findutils
glib2.0-common
lib64popt0
chkconfig
pkgconfig
rpm-helper
setup
lib64dbus-1_3
lib64tcb0
systemd-units
nss_tcb
pam_tcb
dbus
tcb
shadow-utils
lib64usb1.0_0
lib64sigsegv2
pam
lib64mount1
cracklib-dicts
ldetect-lst
lib64usb-compat0.1_4
diffutils
filesystem
gawk
rmt
cpio
lib64readline6
lib64wrap0
util-linux
udev
lib64openssl1.0.0
lib64sqlite3_0
libgpg-error-common
lib64python2.7
lib64gpg-error0
lib64pth20
python
lib64openssl-engines1.0.0
lib64gcrypt11
lib64devmapper-event1.02
ethtool
dmsetup
psmisc
ifmetric
sysvinit-tools
lib64daemon0
which
sed
ifplugd
mingetty
procps
resolvconf
net-tools
lib64intl8
lib64idn11
perl-File-Sync
iputils
gettext-base
kbd
iproute2
systemd
perl-MDK-Common
lib64pciaccess0
lib64drm2
libdrm-common
systemd-sysvinit
initscripts
mkinitrd
lib64png3
lib64plymouth2
lib64xdmcp6
lib64drm_intel1
lib64drm_radeon1
perl-XML-Parser
hicolor-icon-theme
xdg-user-dirs
lib64fontenc1
lib64xau6
lib64freetype6
lib64xcb1
mkfontscale
lib64x11_6
xprop
lib64xext6
mkfontdir
lib64ice6
x11-font-daewoo-misc
x11-font-jis-misc
x11-font-isas-misc
lib64sm6
lib64xt6
lib64xmu6
plymouth-scripts
lib64drm_nouveau1
perl-Locale-gettext
desktop-file-utils
menu-messages
xset
xdg-utils
desktop-common-data
plymouth
openldap
lib64sasl2
krb5
lib64ssh2_1
lib64ldap2.4_2
rootcerts
lib64xml2_2
lib64curl4
lib64gomp1
lib64keyutils1
lib64lua5.1
perl-WWW-Curl
openssl
lib64neon0.27
lib64syck0
augeas-lenses
lib64beecrypt7
lib64cpuinfo1
rpm-manbo-setup
rpm-mandriva-setup
lib64augeas0
rpm
perl-Time-ZoneInfo
perl-XML-NamespaceSupport
perl-XML-SAX
perl-XML-LibXML
libuser
lib64user1
lib64fontconfig1
lib64xrender1
lib64pixman1_0
fontconfig
lib64cairo2
pango
mandriva-theme-common
lib64xft2
lib64pango1.0_0
lib64datrie1
thai-data
perl-Archive-Cpio
plymouth-plugin-label
lib64thai0
lib64pango1.0_0-modules
plymouth-plugin-script
lib64sysfs2
perl-String-ShellQuote
perl-File-FnMatch
dmidecode
usermode-consoleonly
sysfsutils
kernel-firmware
perl-XML-Simple
perl-Term-ReadKey
perl-Text-DelimMatch
eject
perl-MDV-Packdrakeng
perl-Curses
perl-Libconf
perl-Curses-UI
perl-URPM
perl-Config-IniFiles
gnupg
perl-Filesys-Df
genhdlist2
curl
perl-MDV-Distribconf
urpmi
meta-task
lib64pci3
lib64x86_1
common-licenses
monitor-edid
drakx-kbd-mouse-x11
drakxtools-backend
drakxtools-curses
bootloader-utils
locales
bootsplash
mandriva-theme-Rosa
binutils
plymouth-system-theme
locales-en
lib64mpfr4
kernel-headers
dracut
dash
lib64mpc2
glibc-devel
bzip2
bridge-utils
lib64selinux1
gcc-cpp
rosa-release-common
rosa-release-Free
squashfs-tools
acpi
gcc
python-selinux
dosfstools
python-rpm
termcap
etcskel
passwd
make
timezone
rootfiles
crontabs
lib64utempter0
time
makedev
sash
cronie
logrotate
rsyslog
lib64dbus-glib-1_2
grub2
grub-efi
utempter
basesystem-minimal
vim-minimal
locales-ru
parted
python-dbus
dhcp-common
dhcp-client
isomd5sum
sudo
python-curl
hdparm
perl-Digest-SHA1
lib64ncurses-devel
pykickstart
perl-Crypt-PasswdMD5
python-urlgrabber
cdrkit-genisoimage
python-imgcreate
syslinux
basesystem
kernel-nrj-desktop
kernel-nrj-desktop-latest
acpid
rosa-gfxboot-theme
isomd5sum
urpmi
flash-player-plugin